{"D:\\test\\Test\\config.js": {"path":"D:\\test\\Test\\config.js","statementMap":{"0":{"start":{"line":1,"column":12},"end":{"line":1,"column":37}},"1":{"start":{"line":3,"column":21},"end":{"line":3,"column":86}},"2":{"start":{"line":5,"column":0},"end":{"line":8,"column":5}},"3":{"start":{"line":10,"column":0},"end":{"line":10,"column":29}}},"fnMap":{},"branchMap":{},"s":{"0":1,"1":1,"2":1,"3":1},"f":{},"b":{},"_coverageSchema":"1a1c01bbd47fc00a2c39e90264f33305004495a9","hash":"a76a26be488ac2871161ff789657b48348958583"}
,"D:\\test\\Test\\goalmanager.js": {"path":"D:\\test\\Test\\goalmanager.js","statementMap":{"0":{"start":{"line":3,"column":22},"end":{"line":3,"column":52}},"1":{"start":{"line":4,"column":14},"end":{"line":4,"column":41}},"2":{"start":{"line":6,"column":19},"end":{"line":8,"column":5}},"3":{"start":{"line":10,"column":4},"end":{"line":12,"column":5}},"4":{"start":{"line":11,"column":8},"end":{"line":11,"column":17}},"5":{"start":{"line":14,"column":19},"end":{"line":14,"column":100}},"6":{"start":{"line":15,"column":15},"end":{"line":15,"column":39}},"7":{"start":{"line":18,"column":14},"end":{"line":18,"column":34}},"8":{"start":{"line":19,"column":21},"end":{"line":19,"column":87}},"9":{"start":{"line":21,"column":13},"end":{"line":21,"column":32}},"10":{"start":{"line":22,"column":19},"end":{"line":22,"column":27}},"11":{"start":{"line":23,"column":16},"end":{"line":23,"column":17}},"12":{"start":{"line":24,"column":16},"end":{"line":24,"column":17}},"13":{"start":{"line":26,"column":15},"end":{"line":38,"column":5}},"14":{"start":{"line":39,"column":4},"end":{"line":39,"column":49}},"15":{"start":{"line":40,"column":4},"end":{"line":44,"column":7}},"16":{"start":{"line":45,"column":4},"end":{"line":45,"column":19}},"17":{"start":{"line":46,"column":4},"end":{"line":46,"column":13}},"18":{"start":{"line":50,"column":22},"end":{"line":50,"column":52}},"19":{"start":{"line":51,"column":14},"end":{"line":51,"column":41}},"20":{"start":{"line":53,"column":19},"end":{"line":53,"column":100}},"21":{"start":{"line":54,"column":15},"end":{"line":54,"column":39}},"22":{"start":{"line":56,"column":16},"end":{"line":56,"column":18}},"23":{"start":{"line":58,"column":15},"end":{"line":58,"column":68}},"24":{"start":{"line":59,"column":18},"end":{"line":59,"column":28}},"25":{"start":{"line":60,"column":4},"end":{"line":64,"column":5}},"26":{"start":{"line":60,"column":16},"end":{"line":60,"column":17}},"27":{"start":{"line":61,"column":19},"end":{"line":61,"column":76}},"28":{"start":{"line":62,"column":8},"end":{"line":62,"column":29}},"29":{"start":{"line":63,"column":8},"end":{"line":63,"column":25}},"30":{"start":{"line":66,"column":4},"end":{"line":66,"column":19}},"31":{"start":{"line":68,"column":4},"end":{"line":68,"column":17}},"32":{"start":{"line":72,"column":22},"end":{"line":72,"column":52}},"33":{"start":{"line":73,"column":14},"end":{"line":73,"column":41}},"34":{"start":{"line":74,"column":15},"end":{"line":74,"column":17}},"35":{"start":{"line":76,"column":19},"end":{"line":76,"column":100}},"36":{"start":{"line":77,"column":15},"end":{"line":77,"column":39}},"37":{"start":{"line":79,"column":15},"end":{"line":79,"column":68}},"38":{"start":{"line":82,"column":18},"end":{"line":82,"column":34}},"39":{"start":{"line":83,"column":4},"end":{"line":88,"column":5}},"40":{"start":{"line":83,"column":16},"end":{"line":83,"column":17}},"41":{"start":{"line":84,"column":21},"end":{"line":84,"column":78}},"42":{"start":{"line":85,"column":21},"end":{"line":85,"column":58}},"43":{"start":{"line":86,"column":19},"end":{"line":86,"column":72}},"44":{"start":{"line":87,"column":8},"end":{"line":87,"column":24}},"45":{"start":{"line":91,"column":22},"end":{"line":91,"column":24}},"46":{"start":{"line":92,"column":15},"end":{"line":92,"column":17}},"47":{"start":{"line":93,"column":16},"end":{"line":93,"column":26}},"48":{"start":{"line":94,"column":4},"end":{"line":99,"column":5}},"49":{"start":{"line":94,"column":16},"end":{"line":94,"column":17}},"50":{"start":{"line":95,"column":19},"end":{"line":95,"column":74}},"51":{"start":{"line":96,"column":18},"end":{"line":96,"column":26}},"52":{"start":{"line":98,"column":8},"end":{"line":98,"column":46}},"53":{"start":{"line":101,"column":16},"end":{"line":101,"column":26}},"54":{"start":{"line":102,"column":4},"end":{"line":107,"column":5}},"55":{"start":{"line":102,"column":16},"end":{"line":102,"column":17}},"56":{"start":{"line":103,"column":19},"end":{"line":103,"column":74}},"57":{"start":{"line":104,"column":18},"end":{"line":104,"column":26}},"58":{"start":{"line":106,"column":8},"end":{"line":106,"column":46}},"59":{"start":{"line":109,"column":19},"end":{"line":109,"column":32}},"60":{"start":{"line":110,"column":4},"end":{"line":115,"column":5}},"61":{"start":{"line":110,"column":16},"end":{"line":110,"column":17}},"62":{"start":{"line":111,"column":19},"end":{"line":111,"column":77}},"63":{"start":{"line":112,"column":18},"end":{"line":112,"column":26}},"64":{"start":{"line":114,"column":8},"end":{"line":114,"column":46}},"65":{"start":{"line":118,"column":4},"end":{"line":140,"column":5}},"66":{"start":{"line":119,"column":21},"end":{"line":119,"column":35}},"67":{"start":{"line":119,"column":48},"end":{"line":119,"column":49}},"68":{"start":{"line":120,"column":8},"end":{"line":134,"column":9}},"69":{"start":{"line":120,"column":20},"end":{"line":120,"column":21}},"70":{"start":{"line":122,"column":22},"end":{"line":122,"column":36}},"71":{"start":{"line":123,"column":12},"end":{"line":128,"column":13}},"72":{"start":{"line":124,"column":16},"end":{"line":124,"column":30}},"73":{"start":{"line":127,"column":16},"end":{"line":127,"column":28}},"74":{"start":{"line":130,"column":12},"end":{"line":133,"column":13}},"75":{"start":{"line":131,"column":16},"end":{"line":131,"column":29}},"76":{"start":{"line":132,"column":16},"end":{"line":132,"column":37}},"77":{"start":{"line":136,"column":26},"end":{"line":136,"column":112}},"78":{"start":{"line":138,"column":6},"end":{"line":138,"column":51}},"79":{"start":{"line":141,"column":4},"end":{"line":141,"column":19}},"80":{"start":{"line":142,"column":4},"end":{"line":142,"column":16}},"81":{"start":{"line":146,"column":22},"end":{"line":146,"column":52}},"82":{"start":{"line":147,"column":14},"end":{"line":147,"column":41}},"83":{"start":{"line":148,"column":14},"end":{"line":148,"column":34}},"84":{"start":{"line":149,"column":15},"end":{"line":149,"column":72}},"85":{"start":{"line":151,"column":19},"end":{"line":151,"column":100}},"86":{"start":{"line":152,"column":15},"end":{"line":152,"column":39}},"87":{"start":{"line":154,"column":20},"end":{"line":154,"column":73}},"88":{"start":{"line":155,"column":4},"end":{"line":157,"column":5}},"89":{"start":{"line":156,"column":8},"end":{"line":156,"column":17}},"90":{"start":{"line":159,"column":4},"end":{"line":165,"column":7}},"91":{"start":{"line":167,"column":4},"end":{"line":171,"column":7}},"92":{"start":{"line":173,"column":4},"end":{"line":173,"column":19}},"93":{"start":{"line":174,"column":4},"end":{"line":174,"column":13}},"94":{"start":{"line":178,"column":22},"end":{"line":178,"column":52}},"95":{"start":{"line":179,"column":14},"end":{"line":179,"column":41}},"96":{"start":{"line":181,"column":14},"end":{"line":181,"column":34}},"97":{"start":{"line":182,"column":15},"end":{"line":182,"column":72}},"98":{"start":{"line":184,"column":19},"end":{"line":184,"column":100}},"99":{"start":{"line":185,"column":15},"end":{"line":185,"column":39}},"100":{"start":{"line":187,"column":20},"end":{"line":187,"column":73}},"101":{"start":{"line":188,"column":4},"end":{"line":190,"column":5}},"102":{"start":{"line":189,"column":8},"end":{"line":189,"column":17}},"103":{"start":{"line":192,"column":4},"end":{"line":198,"column":7}},"104":{"start":{"line":200,"column":4},"end":{"line":204,"column":7}},"105":{"start":{"line":206,"column":4},"end":{"line":206,"column":19}},"106":{"start":{"line":207,"column":4},"end":{"line":207,"column":13}},"107":{"start":{"line":211,"column":22},"end":{"line":211,"column":52}},"108":{"start":{"line":212,"column":14},"end":{"line":212,"column":41}},"109":{"start":{"line":213,"column":19},"end":{"line":213,"column":100}},"110":{"start":{"line":214,"column":15},"end":{"line":214,"column":39}},"111":{"start":{"line":216,"column":4},"end":{"line":218,"column":5}},"112":{"start":{"line":217,"column":8},"end":{"line":217,"column":17}},"113":{"start":{"line":220,"column":4},"end":{"line":222,"column":8}},"114":{"start":{"line":225,"column":4},"end":{"line":225,"column":19}},"115":{"start":{"line":226,"column":4},"end":{"line":226,"column":13}},"116":{"start":{"line":229,"column":0},"end":{"line":236,"column":2}}},"fnMap":{"0":{"name":"create","decl":{"start":{"line":2,"column":15},"end":{"line":2,"column":21}},"loc":{"start":{"line":2,"column":81},"end":{"line":47,"column":1}},"line":2},"1":{"name":"viewAll","decl":{"start":{"line":49,"column":15},"end":{"line":49,"column":22}},"loc":{"start":{"line":49,"column":31},"end":{"line":69,"column":1}},"line":49},"2":{"name":"viewFeed","decl":{"start":{"line":71,"column":15},"end":{"line":71,"column":23}},"loc":{"start":{"line":71,"column":39},"end":{"line":143,"column":1}},"line":71},"3":{"name":"comment","decl":{"start":{"line":145,"column":15},"end":{"line":145,"column":22}},"loc":{"start":{"line":145,"column":44},"end":{"line":175,"column":1}},"line":145},"4":{"name":"like","decl":{"start":{"line":177,"column":15},"end":{"line":177,"column":19}},"loc":{"start":{"line":177,"column":32},"end":{"line":208,"column":1}},"line":177},"5":{"name":"update","decl":{"start":{"line":210,"column":15},"end":{"line":210,"column":21}},"loc":{"start":{"line":210,"column":37},"end":{"line":227,"column":1}},"line":210}},"branchMap":{"0":{"loc":{"start":{"line":10,"column":4},"end":{"line":12,"column":5}},"type":"if","locations":[{"start":{"line":10,"column":4},"end":{"line":12,"column":5}},{"start":{"line":10,"column":4},"end":{"line":12,"column":5}}],"line":10},"1":{"loc":{"start":{"line":10,"column":7},"end":{"line":10,"column":38}},"type":"binary-expr","locations":[{"start":{"line":10,"column":7},"end":{"line":10,"column":21}},{"start":{"line":10,"column":25},"end":{"line":10,"column":38}}],"line":10},"2":{"loc":{"start":{"line":83,"column":19},"end":{"line":83,"column":60}},"type":"binary-expr","locations":[{"start":{"line":83,"column":19},"end":{"line":83,"column":37}},{"start":{"line":83,"column":41},"end":{"line":83,"column":60}}],"line":83},"3":{"loc":{"start":{"line":118,"column":4},"end":{"line":140,"column":5}},"type":"if","locations":[{"start":{"line":118,"column":4},"end":{"line":140,"column":5}},{"start":{"line":118,"column":4},"end":{"line":140,"column":5}}],"line":118},"4":{"loc":{"start":{"line":123,"column":12},"end":{"line":128,"column":13}},"type":"if","locations":[{"start":{"line":123,"column":12},"end":{"line":128,"column":13}},{"start":{"line":123,"column":12},"end":{"line":128,"column":13}}],"line":123},"5":{"loc":{"start":{"line":130,"column":12},"end":{"line":133,"column":13}},"type":"if","locations":[{"start":{"line":130,"column":12},"end":{"line":133,"column":13}},{"start":{"line":130,"column":12},"end":{"line":133,"column":13}}],"line":130},"6":{"loc":{"start":{"line":155,"column":4},"end":{"line":157,"column":5}},"type":"if","locations":[{"start":{"line":155,"column":4},"end":{"line":157,"column":5}},{"start":{"line":155,"column":4},"end":{"line":157,"column":5}}],"line":155},"7":{"loc":{"start":{"line":188,"column":4},"end":{"line":190,"column":5}},"type":"if","locations":[{"start":{"line":188,"column":4},"end":{"line":190,"column":5}},{"start":{"line":188,"column":4},"end":{"line":190,"column":5}}],"line":188},"8":{"loc":{"start":{"line":216,"column":4},"end":{"line":218,"column":5}},"type":"if","locations":[{"start":{"line":216,"column":4},"end":{"line":218,"column":5}},{"start":{"line":216,"column":4},"end":{"line":218,"column":5}}],"line":216},"9":{"loc":{"start":{"line":216,"column":7},"end":{"line":216,"column":29}},"type":"binary-expr","locations":[{"start":{"line":216,"column":7},"end":{"line":216,"column":16}},{"start":{"line":216,"column":20},"end":{"line":216,"column":29}}],"line":216}},"s":{"0":1,"1":1,"2":1,"3":1,"4":0,"5":1,"6":1,"7":1,"8":1,"9":1,"10":1,"11":1,"12":1,"13":1,"14":1,"15":1,"16":1,"17":1,"18":2,"19":2,"20":2,"21":2,"22":2,"23":2,"24":2,"25":2,"26":2,"27":1,"28":1,"29":1,"30":2,"31":2,"32":1,"33":1,"34":1,"35":1,"36":1,"37":1,"38":1,"39":1,"40":1,"41":1,"42":1,"43":1,"44":1,"45":1,"46":1,"47":1,"48":1,"49":1,"50":1,"51":1,"52":1,"53":1,"54":1,"55":1,"56":1,"57":1,"58":1,"59":1,"60":1,"61":1,"62":1,"63":1,"64":1,"65":1,"66":1,"67":1,"68":1,"69":1,"70":3,"71":3,"72":3,"73":0,"74":3,"75":0,"76":0,"77":1,"78":1,"79":1,"80":1,"81":2,"82":2,"83":2,"84":2,"85":2,"86":2,"87":2,"88":2,"89":0,"90":2,"91":2,"92":2,"93":2,"94":2,"95":2,"96":2,"97":2,"98":2,"99":2,"100":2,"101":2,"102":0,"103":2,"104":2,"105":2,"106":2,"107":2,"108":2,"109":2,"110":2,"111":2,"112":1,"113":1,"114":1,"115":1,"116":1},"f":{"0":1,"1":2,"2":1,"3":2,"4":2,"5":2},"b":{"0":[0,1],"1":[1,1],"2":[2,1],"3":[1,0],"4":[3,0],"5":[0,3],"6":[0,2],"7":[0,2],"8":[1,1],"9":[2,1]},"_coverageSchema":"1a1c01bbd47fc00a2c39e90264f33305004495a9","hash":"5a94e99827ef0ded3c5f1055c0018e6bbfa34453"}
,"D:\\test\\Test\\main.js": {"path":"D:\\test\\Test\\main.js","statementMap":{"0":{"start":{"line":2,"column":18},"end":{"line":2,"column":48}},"1":{"start":{"line":5,"column":14},"end":{"line":5,"column":32}},"2":{"start":{"line":8,"column":17},"end":{"line":8,"column":39}},"3":{"start":{"line":9,"column":17},"end":{"line":9,"column":37}},"4":{"start":{"line":12,"column":18},"end":{"line":12,"column":42}},"5":{"start":{"line":13,"column":18},"end":{"line":13,"column":42}},"6":{"start":{"line":15,"column":10},"end":{"line":15,"column":19}},"7":{"start":{"line":17,"column":0},"end":{"line":17,"column":24}},"8":{"start":{"line":18,"column":0},"end":{"line":18,"column":49}},"9":{"start":{"line":19,"column":0},"end":{"line":19,"column":27}},"10":{"start":{"line":21,"column":10},"end":{"line":21,"column":37}},"11":{"start":{"line":23,"column":0},"end":{"line":37,"column":3}},"12":{"start":{"line":26,"column":4},"end":{"line":26,"column":39}},"13":{"start":{"line":27,"column":15},"end":{"line":27,"column":39}},"14":{"start":{"line":28,"column":4},"end":{"line":30,"column":7}},"15":{"start":{"line":31,"column":4},"end":{"line":33,"column":7}},"16":{"start":{"line":36,"column":4},"end":{"line":36,"column":19}},"17":{"start":{"line":40,"column":0},"end":{"line":48,"column":3}},"18":{"start":{"line":41,"column":16},"end":{"line":41,"column":33}},"19":{"start":{"line":42,"column":15},"end":{"line":42,"column":17}},"20":{"start":{"line":43,"column":14},"end":{"line":43,"column":55}},"21":{"start":{"line":44,"column":3},"end":{"line":46,"column":4}},"22":{"start":{"line":45,"column":7},"end":{"line":45,"column":32}},"23":{"start":{"line":47,"column":3},"end":{"line":47,"column":18}},"24":{"start":{"line":50,"column":0},"end":{"line":54,"column":3}},"25":{"start":{"line":51,"column":17},"end":{"line":51,"column":34}},"26":{"start":{"line":52,"column":18},"end":{"line":52,"column":54}},"27":{"start":{"line":53,"column":4},"end":{"line":53,"column":22}},"28":{"start":{"line":56,"column":0},"end":{"line":60,"column":3}},"29":{"start":{"line":57,"column":17},"end":{"line":57,"column":34}},"30":{"start":{"line":58,"column":19},"end":{"line":58,"column":55}},"31":{"start":{"line":59,"column":4},"end":{"line":59,"column":23}},"32":{"start":{"line":62,"column":0},"end":{"line":66,"column":3}},"33":{"start":{"line":63,"column":17},"end":{"line":63,"column":34}},"34":{"start":{"line":64,"column":16},"end":{"line":64,"column":49}},"35":{"start":{"line":65,"column":4},"end":{"line":65,"column":20}},"36":{"start":{"line":69,"column":0},"end":{"line":91,"column":3}},"37":{"start":{"line":71,"column":20},"end":{"line":71,"column":38}},"38":{"start":{"line":72,"column":24},"end":{"line":72,"column":38}},"39":{"start":{"line":74,"column":28},"end":{"line":74,"column":83}},"40":{"start":{"line":76,"column":18},"end":{"line":81,"column":5}},"41":{"start":{"line":83,"column":4},"end":{"line":90,"column":7}},"42":{"start":{"line":86,"column":4},"end":{"line":86,"column":59}},"43":{"start":{"line":94,"column":0},"end":{"line":106,"column":3}},"44":{"start":{"line":95,"column":15},"end":{"line":95,"column":31}},"45":{"start":{"line":97,"column":18},"end":{"line":97,"column":48}},"46":{"start":{"line":99,"column":4},"end":{"line":105,"column":6}},"47":{"start":{"line":108,"column":0},"end":{"line":126,"column":3}},"48":{"start":{"line":110,"column":17},"end":{"line":110,"column":34}},"49":{"start":{"line":111,"column":16},"end":{"line":111,"column":30}},"50":{"start":{"line":112,"column":17},"end":{"line":112,"column":32}},"51":{"start":{"line":113,"column":18},"end":{"line":113,"column":34}},"52":{"start":{"line":114,"column":21},"end":{"line":114,"column":40}},"53":{"start":{"line":115,"column":19},"end":{"line":115,"column":36}},"54":{"start":{"line":116,"column":14},"end":{"line":116,"column":26}},"55":{"start":{"line":118,"column":4},"end":{"line":121,"column":5}},"56":{"start":{"line":119,"column":8},"end":{"line":119,"column":30}},"57":{"start":{"line":120,"column":8},"end":{"line":120,"column":15}},"58":{"start":{"line":123,"column":4},"end":{"line":123,"column":88}},"59":{"start":{"line":125,"column":4},"end":{"line":125,"column":41}},"60":{"start":{"line":128,"column":0},"end":{"line":137,"column":3}},"61":{"start":{"line":130,"column":18},"end":{"line":130,"column":60}},"62":{"start":{"line":131,"column":13},"end":{"line":131,"column":24}},"63":{"start":{"line":132,"column":17},"end":{"line":132,"column":34}},"64":{"start":{"line":134,"column":4},"end":{"line":134,"column":51}},"65":{"start":{"line":136,"column":4},"end":{"line":136,"column":33}},"66":{"start":{"line":139,"column":0},"end":{"line":146,"column":3}},"67":{"start":{"line":140,"column":13},"end":{"line":140,"column":24}},"68":{"start":{"line":141,"column":17},"end":{"line":141,"column":34}},"69":{"start":{"line":143,"column":4},"end":{"line":143,"column":39}},"70":{"start":{"line":145,"column":4},"end":{"line":145,"column":30}},"71":{"start":{"line":148,"column":0},"end":{"line":153,"column":3}},"72":{"start":{"line":149,"column":17},"end":{"line":149,"column":34}},"73":{"start":{"line":150,"column":22},"end":{"line":150,"column":36}},"74":{"start":{"line":151,"column":4},"end":{"line":151,"column":58}},"75":{"start":{"line":152,"column":4},"end":{"line":152,"column":34}},"76":{"start":{"line":155,"column":0},"end":{"line":160,"column":3}},"77":{"start":{"line":156,"column":16},"end":{"line":156,"column":30}},"78":{"start":{"line":157,"column":17},"end":{"line":157,"column":34}},"79":{"start":{"line":158,"column":4},"end":{"line":158,"column":46}},"80":{"start":{"line":159,"column":4},"end":{"line":159,"column":44}},"81":{"start":{"line":162,"column":0},"end":{"line":167,"column":3}},"82":{"start":{"line":163,"column":17},"end":{"line":163,"column":34}},"83":{"start":{"line":164,"column":22},"end":{"line":164,"column":36}},"84":{"start":{"line":165,"column":4},"end":{"line":165,"column":55}},"85":{"start":{"line":166,"column":4},"end":{"line":166,"column":31}},"86":{"start":{"line":169,"column":0},"end":{"line":174,"column":3}},"87":{"start":{"line":170,"column":17},"end":{"line":170,"column":28}},"88":{"start":{"line":171,"column":16},"end":{"line":171,"column":30}},"89":{"start":{"line":172,"column":4},"end":{"line":172,"column":44}},"90":{"start":{"line":173,"column":4},"end":{"line":173,"column":35}},"91":{"start":{"line":176,"column":0},"end":{"line":176,"column":21}}},"fnMap":{"0":{"name":"(anonymous_0)","decl":{"start":{"line":23,"column":76},"end":{"line":23,"column":77}},"loc":{"start":{"line":23,"column":104},"end":{"line":37,"column":1}},"line":23},"1":{"name":"(anonymous_1)","decl":{"start":{"line":28,"column":33},"end":{"line":28,"column":34}},"loc":{"start":{"line":28,"column":52},"end":{"line":30,"column":5}},"line":28},"2":{"name":"(anonymous_2)","decl":{"start":{"line":31,"column":33},"end":{"line":31,"column":34}},"loc":{"start":{"line":31,"column":52},"end":{"line":33,"column":5}},"line":31},"3":{"name":"(anonymous_3)","decl":{"start":{"line":40,"column":25},"end":{"line":40,"column":26}},"loc":{"start":{"line":40,"column":45},"end":{"line":48,"column":1}},"line":40},"4":{"name":"(anonymous_4)","decl":{"start":{"line":50,"column":37},"end":{"line":50,"column":38}},"loc":{"start":{"line":50,"column":57},"end":{"line":54,"column":1}},"line":50},"5":{"name":"(anonymous_5)","decl":{"start":{"line":56,"column":33},"end":{"line":56,"column":34}},"loc":{"start":{"line":56,"column":53},"end":{"line":60,"column":1}},"line":56},"6":{"name":"(anonymous_6)","decl":{"start":{"line":62,"column":36},"end":{"line":62,"column":37}},"loc":{"start":{"line":62,"column":56},"end":{"line":66,"column":1}},"line":62},"7":{"name":"(anonymous_7)","decl":{"start":{"line":69,"column":32},"end":{"line":69,"column":33}},"loc":{"start":{"line":69,"column":53},"end":{"line":91,"column":1}},"line":69},"8":{"name":"(anonymous_8)","decl":{"start":{"line":84,"column":11},"end":{"line":84,"column":12}},"loc":{"start":{"line":84,"column":25},"end":{"line":88,"column":5}},"line":84},"9":{"name":"(anonymous_9)","decl":{"start":{"line":89,"column":11},"end":{"line":89,"column":12}},"loc":{"start":{"line":89,"column":22},"end":{"line":90,"column":5}},"line":89},"10":{"name":"(anonymous_10)","decl":{"start":{"line":94,"column":19},"end":{"line":94,"column":20}},"loc":{"start":{"line":94,"column":38},"end":{"line":106,"column":1}},"line":94},"11":{"name":"(anonymous_11)","decl":{"start":{"line":108,"column":38},"end":{"line":108,"column":39}},"loc":{"start":{"line":108,"column":58},"end":{"line":126,"column":1}},"line":108},"12":{"name":"(anonymous_12)","decl":{"start":{"line":128,"column":33},"end":{"line":128,"column":34}},"loc":{"start":{"line":128,"column":53},"end":{"line":137,"column":1}},"line":128},"13":{"name":"(anonymous_13)","decl":{"start":{"line":139,"column":30},"end":{"line":139,"column":31}},"loc":{"start":{"line":139,"column":50},"end":{"line":146,"column":1}},"line":139},"14":{"name":"(anonymous_14)","decl":{"start":{"line":148,"column":42},"end":{"line":148,"column":43}},"loc":{"start":{"line":148,"column":62},"end":{"line":153,"column":1}},"line":148},"15":{"name":"(anonymous_15)","decl":{"start":{"line":155,"column":34},"end":{"line":155,"column":35}},"loc":{"start":{"line":155,"column":54},"end":{"line":160,"column":1}},"line":155},"16":{"name":"(anonymous_16)","decl":{"start":{"line":162,"column":39},"end":{"line":162,"column":40}},"loc":{"start":{"line":162,"column":59},"end":{"line":167,"column":1}},"line":162},"17":{"name":"(anonymous_17)","decl":{"start":{"line":169,"column":24},"end":{"line":169,"column":25}},"loc":{"start":{"line":169,"column":44},"end":{"line":174,"column":1}},"line":169}},"branchMap":{"0":{"loc":{"start":{"line":44,"column":3},"end":{"line":46,"column":4}},"type":"if","locations":[{"start":{"line":44,"column":3},"end":{"line":46,"column":4}},{"start":{"line":44,"column":3},"end":{"line":46,"column":4}}],"line":44},"1":{"loc":{"start":{"line":118,"column":4},"end":{"line":121,"column":5}},"type":"if","locations":[{"start":{"line":118,"column":4},"end":{"line":121,"column":5}},{"start":{"line":118,"column":4},"end":{"line":121,"column":5}}],"line":118},"2":{"loc":{"start":{"line":118,"column":7},"end":{"line":118,"column":44}},"type":"binary-expr","locations":[{"start":{"line":118,"column":7},"end":{"line":118,"column":13}},{"start":{"line":118,"column":17},"end":{"line":118,"column":24}},{"start":{"line":118,"column":28},"end":{"line":118,"column":36}},{"start":{"line":118,"column":40},"end":{"line":118,"column":44}}],"line":118}},"s":{"0":1,"1":1,"2":1,"3":1,"4":1,"5":1,"6":1,"7":1,"8":1,"9":1,"10":1,"11":1,"12":1,"13":1,"14":1,"15":1,"16":1,"17":1,"18":1,"19":1,"20":1,"21":1,"22":1,"23":1,"24":1,"25":1,"26":1,"27":1,"28":1,"29":1,"30":1,"31":1,"32":1,"33":2,"34":2,"35":2,"36":1,"37":1,"38":1,"39":1,"40":1,"41":1,"42":0,"43":1,"44":0,"45":0,"46":0,"47":1,"48":3,"49":3,"50":3,"51":3,"52":3,"53":3,"54":3,"55":3,"56":2,"57":2,"58":1,"59":1,"60":1,"61":2,"62":2,"63":2,"64":2,"65":2,"66":1,"67":2,"68":2,"69":2,"70":2,"71":1,"72":3,"73":3,"74":3,"75":3,"76":1,"77":1,"78":1,"79":1,"80":1,"81":1,"82":3,"83":3,"84":3,"85":3,"86":1,"87":2,"88":2,"89":2,"90":2,"91":1},"f":{"0":1,"1":1,"2":1,"3":1,"4":1,"5":1,"6":2,"7":1,"8":0,"9":1,"10":0,"11":3,"12":2,"13":2,"14":3,"15":1,"16":3,"17":2},"b":{"0":[1,0],"1":[2,1],"2":[3,1,1,1]},"_coverageSchema":"1a1c01bbd47fc00a2c39e90264f33305004495a9","hash":"dc94157387cbe7b0634ba226fb7c2b44d7bd22d0"}
,"D:\\test\\Test\\usermanager.js": {"path":"D:\\test\\Test\\usermanager.js","statementMap":{"0":{"start":{"line":3,"column":22},"end":{"line":3,"column":52}},"1":{"start":{"line":4,"column":14},"end":{"line":4,"column":41}},"2":{"start":{"line":5,"column":19},"end":{"line":5,"column":100}},"3":{"start":{"line":6,"column":15},"end":{"line":6,"column":39}},"4":{"start":{"line":7,"column":18},"end":{"line":7,"column":20}},"5":{"start":{"line":9,"column":15},"end":{"line":9,"column":68}},"6":{"start":{"line":10,"column":20},"end":{"line":10,"column":36}},"7":{"start":{"line":12,"column":4},"end":{"line":16,"column":5}},"8":{"start":{"line":12,"column":16},"end":{"line":12,"column":17}},"9":{"start":{"line":13,"column":21},"end":{"line":13,"column":80}},"10":{"start":{"line":14,"column":19},"end":{"line":14,"column":34}},"11":{"start":{"line":15,"column":8},"end":{"line":15,"column":27}},"12":{"start":{"line":18,"column":4},"end":{"line":18,"column":19}},"13":{"start":{"line":20,"column":4},"end":{"line":20,"column":19}},"14":{"start":{"line":24,"column":22},"end":{"line":24,"column":52}},"15":{"start":{"line":25,"column":14},"end":{"line":25,"column":41}},"16":{"start":{"line":26,"column":19},"end":{"line":26,"column":100}},"17":{"start":{"line":27,"column":15},"end":{"line":27,"column":39}},"18":{"start":{"line":29,"column":15},"end":{"line":29,"column":68}},"19":{"start":{"line":30,"column":19},"end":{"line":30,"column":38}},"20":{"start":{"line":32,"column":4},"end":{"line":32,"column":19}},"21":{"start":{"line":34,"column":4},"end":{"line":34,"column":19}},"22":{"start":{"line":35,"column":4},"end":{"line":35,"column":20}},"23":{"start":{"line":39,"column":22},"end":{"line":39,"column":52}},"24":{"start":{"line":40,"column":14},"end":{"line":40,"column":41}},"25":{"start":{"line":41,"column":19},"end":{"line":41,"column":100}},"26":{"start":{"line":42,"column":15},"end":{"line":42,"column":39}},"27":{"start":{"line":44,"column":15},"end":{"line":44,"column":68}},"28":{"start":{"line":45,"column":4},"end":{"line":48,"column":5}},"29":{"start":{"line":47,"column":8},"end":{"line":47,"column":17}},"30":{"start":{"line":49,"column":19},"end":{"line":49,"column":38}},"31":{"start":{"line":51,"column":4},"end":{"line":66,"column":5}},"32":{"start":{"line":51,"column":16},"end":{"line":51,"column":17}},"33":{"start":{"line":52,"column":8},"end":{"line":65,"column":9}},"34":{"start":{"line":54,"column":12},"end":{"line":56,"column":16}},"35":{"start":{"line":57,"column":25},"end":{"line":57,"column":84}},"36":{"start":{"line":58,"column":27},"end":{"line":58,"column":36}},"37":{"start":{"line":59,"column":12},"end":{"line":61,"column":16}},"38":{"start":{"line":62,"column":12},"end":{"line":64,"column":16}},"39":{"start":{"line":69,"column":4},"end":{"line":69,"column":19}},"40":{"start":{"line":70,"column":4},"end":{"line":70,"column":13}},"41":{"start":{"line":75,"column":22},"end":{"line":75,"column":52}},"42":{"start":{"line":76,"column":14},"end":{"line":76,"column":41}},"43":{"start":{"line":77,"column":19},"end":{"line":77,"column":100}},"44":{"start":{"line":78,"column":15},"end":{"line":78,"column":39}},"45":{"start":{"line":80,"column":19},"end":{"line":80,"column":82}},"46":{"start":{"line":81,"column":16},"end":{"line":81,"column":33}},"47":{"start":{"line":83,"column":4},"end":{"line":85,"column":8}},"48":{"start":{"line":87,"column":4},"end":{"line":87,"column":19}},"49":{"start":{"line":88,"column":4},"end":{"line":88,"column":17}},"50":{"start":{"line":93,"column":22},"end":{"line":93,"column":52}},"51":{"start":{"line":94,"column":14},"end":{"line":94,"column":41}},"52":{"start":{"line":95,"column":19},"end":{"line":95,"column":100}},"53":{"start":{"line":96,"column":15},"end":{"line":96,"column":39}},"54":{"start":{"line":98,"column":4},"end":{"line":100,"column":8}},"55":{"start":{"line":102,"column":4},"end":{"line":102,"column":19}},"56":{"start":{"line":103,"column":4},"end":{"line":103,"column":13}},"57":{"start":{"line":107,"column":22},"end":{"line":107,"column":52}},"58":{"start":{"line":108,"column":14},"end":{"line":108,"column":41}},"59":{"start":{"line":109,"column":19},"end":{"line":109,"column":100}},"60":{"start":{"line":110,"column":15},"end":{"line":110,"column":39}},"61":{"start":{"line":112,"column":15},"end":{"line":112,"column":68}},"62":{"start":{"line":113,"column":4},"end":{"line":116,"column":5}},"63":{"start":{"line":115,"column":8},"end":{"line":115,"column":17}},"64":{"start":{"line":117,"column":19},"end":{"line":117,"column":38}},"65":{"start":{"line":119,"column":4},"end":{"line":127,"column":5}},"66":{"start":{"line":119,"column":16},"end":{"line":119,"column":17}},"67":{"start":{"line":121,"column":8},"end":{"line":126,"column":9}},"68":{"start":{"line":123,"column":12},"end":{"line":125,"column":16}},"69":{"start":{"line":129,"column":4},"end":{"line":129,"column":19}},"70":{"start":{"line":130,"column":4},"end":{"line":130,"column":13}},"71":{"start":{"line":133,"column":0},"end":{"line":140,"column":2}}},"fnMap":{"0":{"name":"getFriends","decl":{"start":{"line":2,"column":15},"end":{"line":2,"column":25}},"loc":{"start":{"line":2,"column":34},"end":{"line":21,"column":1}},"line":2},"1":{"name":"getRequest","decl":{"start":{"line":23,"column":15},"end":{"line":23,"column":25}},"loc":{"start":{"line":23,"column":34},"end":{"line":36,"column":1}},"line":23},"2":{"name":"confirmRequest","decl":{"start":{"line":38,"column":15},"end":{"line":38,"column":29}},"loc":{"start":{"line":38,"column":51},"end":{"line":71,"column":1}},"line":38},"3":{"name":"sendRequest","decl":{"start":{"line":73,"column":15},"end":{"line":73,"column":26}},"loc":{"start":{"line":73,"column":55},"end":{"line":89,"column":1}},"line":73},"4":{"name":"firebase","decl":{"start":{"line":91,"column":15},"end":{"line":91,"column":23}},"loc":{"start":{"line":91,"column":39},"end":{"line":104,"column":1}},"line":91},"5":{"name":"denyRequest","decl":{"start":{"line":106,"column":15},"end":{"line":106,"column":26}},"loc":{"start":{"line":106,"column":48},"end":{"line":131,"column":1}},"line":106}},"branchMap":{"0":{"loc":{"start":{"line":45,"column":4},"end":{"line":48,"column":5}},"type":"if","locations":[{"start":{"line":45,"column":4},"end":{"line":48,"column":5}},{"start":{"line":45,"column":4},"end":{"line":48,"column":5}}],"line":45},"1":{"loc":{"start":{"line":52,"column":8},"end":{"line":65,"column":9}},"type":"if","locations":[{"start":{"line":52,"column":8},"end":{"line":65,"column":9}},{"start":{"line":52,"column":8},"end":{"line":65,"column":9}}],"line":52},"2":{"loc":{"start":{"line":113,"column":4},"end":{"line":116,"column":5}},"type":"if","locations":[{"start":{"line":113,"column":4},"end":{"line":116,"column":5}},{"start":{"line":113,"column":4},"end":{"line":116,"column":5}}],"line":113},"3":{"loc":{"start":{"line":121,"column":8},"end":{"line":126,"column":9}},"type":"if","locations":[{"start":{"line":121,"column":8},"end":{"line":126,"column":9}},{"start":{"line":121,"column":8},"end":{"line":126,"column":9}}],"line":121}},"s":{"0":1,"1":1,"2":1,"3":1,"4":1,"5":1,"6":1,"7":1,"8":1,"9":1,"10":1,"11":1,"12":1,"13":1,"14":1,"15":1,"16":1,"17":1,"18":1,"19":1,"20":1,"21":1,"22":1,"23":3,"24":3,"25":3,"26":3,"27":3,"28":3,"29":1,"30":2,"31":2,"32":2,"33":1,"34":1,"35":1,"36":1,"37":1,"38":1,"39":2,"40":2,"41":1,"42":1,"43":1,"44":1,"45":1,"46":1,"47":1,"48":1,"49":1,"50":1,"51":1,"52":1,"53":1,"54":1,"55":1,"56":1,"57":3,"58":3,"59":3,"60":3,"61":3,"62":3,"63":1,"64":2,"65":2,"66":2,"67":1,"68":1,"69":2,"70":2,"71":1},"f":{"0":1,"1":1,"2":3,"3":1,"4":1,"5":3},"b":{"0":[1,2],"1":[1,0],"2":[1,2],"3":[1,0]},"_coverageSchema":"1a1c01bbd47fc00a2c39e90264f33305004495a9","hash":"ce83af37e89690f4152ff43c7e84ce26b2ef482d"}
}
